{"/Users/yasminbelhout/Desktop/Dev/EXAM1/app.js": {"path":"/Users/yasminbelhout/Desktop/Dev/EXAM1/app.js","statementMap":{"0":{"start":{"line":1,"column":0},"end":{"line":1,"column":27}},"1":{"start":{"line":2,"column":16},"end":{"line":2,"column":34}},"2":{"start":{"line":3,"column":17},"end":{"line":3,"column":36}},"3":{"start":{"line":4,"column":13},"end":{"line":4,"column":28}},"4":{"start":{"line":5,"column":18},"end":{"line":5,"column":40}},"5":{"start":{"line":6,"column":25},"end":{"line":6,"column":65}},"6":{"start":{"line":7,"column":20},"end":{"line":7,"column":52}},"7":{"start":{"line":8,"column":19},"end":{"line":8,"column":50}},"8":{"start":{"line":11,"column":12},"end":{"line":11,"column":21}},"9":{"start":{"line":13,"column":0},"end":{"line":13,"column":12}},"10":{"start":{"line":16,"column":0},"end":{"line":16,"column":16}},"11":{"start":{"line":17,"column":0},"end":{"line":17,"column":24}},"12":{"start":{"line":19,"column":0},"end":{"line":19,"column":40}},"13":{"start":{"line":21,"column":0},"end":{"line":21,"column":53}},"14":{"start":{"line":21,"column":27},"end":{"line":21,"column":51}},"15":{"start":{"line":23,"column":0},"end":{"line":23,"column":36}},"16":{"start":{"line":24,"column":0},"end":{"line":24,"column":34}},"17":{"start":{"line":26,"column":0},"end":{"line":26,"column":42}},"18":{"start":{"line":27,"column":0},"end":{"line":27,"column":39}},"19":{"start":{"line":29,"column":0},"end":{"line":29,"column":21}}},"fnMap":{"0":{"name":"(anonymous_0)","decl":{"start":{"line":21,"column":13},"end":{"line":21,"column":14}},"loc":{"start":{"line":21,"column":27},"end":{"line":21,"column":51}},"line":21}},"branchMap":{},"s":{"0":1,"1":1,"2":1,"3":1,"4":1,"5":1,"6":1,"7":1,"8":1,"9":1,"10":1,"11":1,"12":1,"13":1,"14":0,"15":1,"16":1,"17":1,"18":1,"19":1},"f":{"0":0},"b":{},"_coverageSchema":"1a1c01bbd47fc00a2c39e90264f33305004495a9","hash":"cc1e526c73429029ec9f2b71b0ff1412edbf3c83"}
,"/Users/yasminbelhout/Desktop/Dev/EXAM1/config/db.js": {"path":"/Users/yasminbelhout/Desktop/Dev/EXAM1/config/db.js","statementMap":{"0":{"start":{"line":1,"column":17},"end":{"line":1,"column":36}},"1":{"start":{"line":3,"column":18},"end":{"line":11,"column":1}},"2":{"start":{"line":4,"column":2},"end":{"line":10,"column":3}},"3":{"start":{"line":5,"column":17},"end":{"line":5,"column":62}},"4":{"start":{"line":6,"column":4},"end":{"line":6,"column":62}},"5":{"start":{"line":8,"column":4},"end":{"line":8,"column":23}},"6":{"start":{"line":9,"column":4},"end":{"line":9,"column":20}},"7":{"start":{"line":13,"column":0},"end":{"line":13,"column":27}}},"fnMap":{"0":{"name":"(anonymous_0)","decl":{"start":{"line":3,"column":18},"end":{"line":3,"column":19}},"loc":{"start":{"line":3,"column":30},"end":{"line":11,"column":1}},"line":3}},"branchMap":{},"s":{"0":1,"1":1,"2":1,"3":1,"4":0,"5":0,"6":0,"7":1},"f":{"0":1},"b":{},"_coverageSchema":"1a1c01bbd47fc00a2c39e90264f33305004495a9","hash":"4a70c299bb462fb1064e226f8855cca0aa0c6bf8"}
,"/Users/yasminbelhout/Desktop/Dev/EXAM1/controllers/eventController.js": {"path":"/Users/yasminbelhout/Desktop/Dev/EXAM1/controllers/eventController.js","statementMap":{"0":{"start":{"line":1,"column":17},"end":{"line":1,"column":36}},"1":{"start":{"line":2,"column":14},"end":{"line":2,"column":45}},"2":{"start":{"line":5,"column":18},"end":{"line":15,"column":1}},"3":{"start":{"line":6,"column":18},"end":{"line":6,"column":30}},"4":{"start":{"line":8,"column":2},"end":{"line":14,"column":3}},"5":{"start":{"line":9,"column":19},"end":{"line":9,"column":72}},"6":{"start":{"line":10,"column":4},"end":{"line":10,"column":33}},"7":{"start":{"line":12,"column":4},"end":{"line":12,"column":25}},"8":{"start":{"line":13,"column":4},"end":{"line":13,"column":52}},"9":{"start":{"line":18,"column":17},"end":{"line":31,"column":1}},"10":{"start":{"line":19,"column":49},"end":{"line":19,"column":57}},"11":{"start":{"line":21,"column":2},"end":{"line":30,"column":3}},"12":{"start":{"line":22,"column":20},"end":{"line":22,"column":32}},"13":{"start":{"line":23,"column":21},"end":{"line":23,"column":79}},"14":{"start":{"line":24,"column":4},"end":{"line":24,"column":26}},"15":{"start":{"line":25,"column":4},"end":{"line":25,"column":35}},"16":{"start":{"line":26,"column":4},"end":{"line":26,"column":68}},"17":{"start":{"line":28,"column":4},"end":{"line":28,"column":25}},"18":{"start":{"line":29,"column":4},"end":{"line":29,"column":62}},"19":{"start":{"line":34,"column":17},"end":{"line":51,"column":1}},"20":{"start":{"line":35,"column":17},"end":{"line":35,"column":27}},"21":{"start":{"line":36,"column":2},"end":{"line":38,"column":3}},"22":{"start":{"line":37,"column":4},"end":{"line":37,"column":60}},"23":{"start":{"line":40,"column":2},"end":{"line":50,"column":3}},"24":{"start":{"line":41,"column":20},"end":{"line":41,"column":32}},"25":{"start":{"line":42,"column":18},"end":{"line":42,"column":75}},"26":{"start":{"line":43,"column":4},"end":{"line":45,"column":5}},"27":{"start":{"line":44,"column":6},"end":{"line":44,"column":66}},"28":{"start":{"line":46,"column":4},"end":{"line":46,"column":32}},"29":{"start":{"line":48,"column":4},"end":{"line":48,"column":25}},"30":{"start":{"line":49,"column":4},"end":{"line":49,"column":52}},"31":{"start":{"line":54,"column":20},"end":{"line":67,"column":1}},"32":{"start":{"line":55,"column":17},"end":{"line":55,"column":27}},"33":{"start":{"line":56,"column":2},"end":{"line":66,"column":3}},"34":{"start":{"line":57,"column":20},"end":{"line":57,"column":32}},"35":{"start":{"line":58,"column":18},"end":{"line":58,"column":78}},"36":{"start":{"line":59,"column":4},"end":{"line":61,"column":5}},"37":{"start":{"line":60,"column":6},"end":{"line":60,"column":66}},"38":{"start":{"line":62,"column":4},"end":{"line":62,"column":68}},"39":{"start":{"line":64,"column":4},"end":{"line":64,"column":25}},"40":{"start":{"line":65,"column":4},"end":{"line":65,"column":52}},"41":{"start":{"line":70,"column":20},"end":{"line":87,"column":1}},"42":{"start":{"line":71,"column":17},"end":{"line":71,"column":27}},"43":{"start":{"line":72,"column":2},"end":{"line":86,"column":3}},"44":{"start":{"line":73,"column":20},"end":{"line":73,"column":32}},"45":{"start":{"line":74,"column":18},"end":{"line":78,"column":5}},"46":{"start":{"line":79,"column":4},"end":{"line":81,"column":5}},"47":{"start":{"line":80,"column":6},"end":{"line":80,"column":66}},"48":{"start":{"line":82,"column":4},"end":{"line":82,"column":32}},"49":{"start":{"line":84,"column":4},"end":{"line":84,"column":25}},"50":{"start":{"line":85,"column":4},"end":{"line":85,"column":52}},"51":{"start":{"line":89,"column":0},"end":{"line":95,"column":2}}},"fnMap":{"0":{"name":"(anonymous_0)","decl":{"start":{"line":5,"column":18},"end":{"line":5,"column":19}},"loc":{"start":{"line":5,"column":38},"end":{"line":15,"column":1}},"line":5},"1":{"name":"(anonymous_1)","decl":{"start":{"line":18,"column":17},"end":{"line":18,"column":18}},"loc":{"start":{"line":18,"column":37},"end":{"line":31,"column":1}},"line":18},"2":{"name":"(anonymous_2)","decl":{"start":{"line":34,"column":17},"end":{"line":34,"column":18}},"loc":{"start":{"line":34,"column":37},"end":{"line":51,"column":1}},"line":34},"3":{"name":"(anonymous_3)","decl":{"start":{"line":54,"column":20},"end":{"line":54,"column":21}},"loc":{"start":{"line":54,"column":40},"end":{"line":67,"column":1}},"line":54},"4":{"name":"(anonymous_4)","decl":{"start":{"line":70,"column":20},"end":{"line":70,"column":21}},"loc":{"start":{"line":70,"column":40},"end":{"line":87,"column":1}},"line":70}},"branchMap":{"0":{"loc":{"start":{"line":36,"column":2},"end":{"line":38,"column":3}},"type":"if","locations":[{"start":{"line":36,"column":2},"end":{"line":38,"column":3}},{"start":{},"end":{}}],"line":36},"1":{"loc":{"start":{"line":43,"column":4},"end":{"line":45,"column":5}},"type":"if","locations":[{"start":{"line":43,"column":4},"end":{"line":45,"column":5}},{"start":{},"end":{}}],"line":43},"2":{"loc":{"start":{"line":59,"column":4},"end":{"line":61,"column":5}},"type":"if","locations":[{"start":{"line":59,"column":4},"end":{"line":61,"column":5}},{"start":{},"end":{}}],"line":59},"3":{"loc":{"start":{"line":79,"column":4},"end":{"line":81,"column":5}},"type":"if","locations":[{"start":{"line":79,"column":4},"end":{"line":81,"column":5}},{"start":{},"end":{}}],"line":79}},"s":{"0":1,"1":1,"2":1,"3":0,"4":0,"5":0,"6":0,"7":0,"8":0,"9":1,"10":0,"11":0,"12":0,"13":0,"14":0,"15":0,"16":0,"17":0,"18":0,"19":1,"20":0,"21":0,"22":0,"23":0,"24":0,"25":0,"26":0,"27":0,"28":0,"29":0,"30":0,"31":1,"32":0,"33":0,"34":0,"35":0,"36":0,"37":0,"38":0,"39":0,"40":0,"41":1,"42":0,"43":0,"44":0,"45":0,"46":0,"47":0,"48":0,"49":0,"50":0,"51":1},"f":{"0":0,"1":0,"2":0,"3":0,"4":0},"b":{"0":[0,0],"1":[0,0],"2":[0,0],"3":[0,0]},"_coverageSchema":"1a1c01bbd47fc00a2c39e90264f33305004495a9","hash":"a4279d95b7b1b8158186bf285478bd94f386eebf"}
,"/Users/yasminbelhout/Desktop/Dev/EXAM1/controllers/userController.js": {"path":"/Users/yasminbelhout/Desktop/Dev/EXAM1/controllers/userController.js","statementMap":{"0":{"start":{"line":1,"column":13},"end":{"line":1,"column":43}},"1":{"start":{"line":2,"column":12},"end":{"line":2,"column":35}},"2":{"start":{"line":4,"column":20},"end":{"line":6,"column":1}},"3":{"start":{"line":5,"column":2},"end":{"line":5,"column":68}},"4":{"start":{"line":9,"column":18},"end":{"line":22,"column":1}},"5":{"start":{"line":10,"column":30},"end":{"line":10,"column":38}},"6":{"start":{"line":12,"column":2},"end":{"line":21,"column":3}},"7":{"start":{"line":13,"column":17},"end":{"line":13,"column":50}},"8":{"start":{"line":16,"column":18},"end":{"line":16,"column":39}},"9":{"start":{"line":18,"column":4},"end":{"line":18,"column":43}},"10":{"start":{"line":20,"column":4},"end":{"line":20,"column":51}},"11":{"start":{"line":25,"column":19},"end":{"line":38,"column":1}},"12":{"start":{"line":26,"column":30},"end":{"line":26,"column":38}},"13":{"start":{"line":28,"column":2},"end":{"line":37,"column":3}},"14":{"start":{"line":29,"column":17},"end":{"line":29,"column":51}},"15":{"start":{"line":32,"column":18},"end":{"line":32,"column":39}},"16":{"start":{"line":34,"column":4},"end":{"line":34,"column":43}},"17":{"start":{"line":36,"column":4},"end":{"line":36,"column":51}},"18":{"start":{"line":40,"column":0},"end":{"line":40,"column":43}}},"fnMap":{"0":{"name":"(anonymous_0)","decl":{"start":{"line":4,"column":20},"end":{"line":4,"column":21}},"loc":{"start":{"line":4,"column":29},"end":{"line":6,"column":1}},"line":4},"1":{"name":"(anonymous_1)","decl":{"start":{"line":9,"column":18},"end":{"line":9,"column":19}},"loc":{"start":{"line":9,"column":38},"end":{"line":22,"column":1}},"line":9},"2":{"name":"(anonymous_2)","decl":{"start":{"line":25,"column":19},"end":{"line":25,"column":20}},"loc":{"start":{"line":25,"column":39},"end":{"line":38,"column":1}},"line":25}},"branchMap":{},"s":{"0":1,"1":1,"2":1,"3":0,"4":1,"5":0,"6":0,"7":0,"8":0,"9":0,"10":0,"11":1,"12":0,"13":0,"14":0,"15":0,"16":0,"17":0,"18":1},"f":{"0":0,"1":0,"2":0},"b":{},"_coverageSchema":"1a1c01bbd47fc00a2c39e90264f33305004495a9","hash":"dbfc2b8b13a873223d388c1ab633739dc11f7c70"}
,"/Users/yasminbelhout/Desktop/Dev/EXAM1/middleware/customMiddleware.js": {"path":"/Users/yasminbelhout/Desktop/Dev/EXAM1/middleware/customMiddleware.js","statementMap":{"0":{"start":{"line":1,"column":22},"end":{"line":7,"column":1}},"1":{"start":{"line":2,"column":2},"end":{"line":2,"column":41}},"2":{"start":{"line":3,"column":2},"end":{"line":3,"column":39}},"3":{"start":{"line":4,"column":2},"end":{"line":4,"column":39}},"4":{"start":{"line":5,"column":2},"end":{"line":5,"column":21}},"5":{"start":{"line":6,"column":2},"end":{"line":6,"column":9}},"6":{"start":{"line":9,"column":24},"end":{"line":11,"column":1}},"7":{"start":{"line":10,"column":2},"end":{"line":10,"column":59}},"8":{"start":{"line":13,"column":21},"end":{"line":20,"column":1}},"9":{"start":{"line":14,"column":2},"end":{"line":14,"column":31}},"10":{"start":{"line":16,"column":2},"end":{"line":16,"column":23}},"11":{"start":{"line":17,"column":2},"end":{"line":19,"column":5}},"12":{"start":{"line":22,"column":0},"end":{"line":26,"column":2}}},"fnMap":{"0":{"name":"(anonymous_0)","decl":{"start":{"line":1,"column":22},"end":{"line":1,"column":23}},"loc":{"start":{"line":1,"column":51},"end":{"line":7,"column":1}},"line":1},"1":{"name":"(anonymous_1)","decl":{"start":{"line":9,"column":24},"end":{"line":9,"column":25}},"loc":{"start":{"line":9,"column":47},"end":{"line":11,"column":1}},"line":9},"2":{"name":"(anonymous_2)","decl":{"start":{"line":13,"column":21},"end":{"line":13,"column":22}},"loc":{"start":{"line":13,"column":57},"end":{"line":20,"column":1}},"line":13}},"branchMap":{},"s":{"0":1,"1":0,"2":0,"3":0,"4":0,"5":0,"6":1,"7":0,"8":1,"9":0,"10":0,"11":0,"12":1},"f":{"0":0,"1":0,"2":0},"b":{},"_coverageSchema":"1a1c01bbd47fc00a2c39e90264f33305004495a9","hash":"bf1ee8c537d06ac610059461ea086ba06d2a3294"}
,"/Users/yasminbelhout/Desktop/Dev/EXAM1/middleware/requireAuth.js": {"path":"/Users/yasminbelhout/Desktop/Dev/EXAM1/middleware/requireAuth.js","statementMap":{"0":{"start":{"line":1,"column":12},"end":{"line":1,"column":35}},"1":{"start":{"line":2,"column":13},"end":{"line":2,"column":43}},"2":{"start":{"line":4,"column":20},"end":{"line":23,"column":1}},"3":{"start":{"line":6,"column":28},"end":{"line":6,"column":39}},"4":{"start":{"line":8,"column":2},"end":{"line":10,"column":3}},"5":{"start":{"line":9,"column":4},"end":{"line":9,"column":75}},"6":{"start":{"line":12,"column":16},"end":{"line":12,"column":43}},"7":{"start":{"line":14,"column":2},"end":{"line":22,"column":3}},"8":{"start":{"line":15,"column":20},"end":{"line":15,"column":57}},"9":{"start":{"line":17,"column":4},"end":{"line":17,"column":57}},"10":{"start":{"line":18,"column":4},"end":{"line":18,"column":11}},"11":{"start":{"line":20,"column":4},"end":{"line":20,"column":23}},"12":{"start":{"line":21,"column":4},"end":{"line":21,"column":65}},"13":{"start":{"line":25,"column":0},"end":{"line":25,"column":29}}},"fnMap":{"0":{"name":"(anonymous_0)","decl":{"start":{"line":4,"column":20},"end":{"line":4,"column":21}},"loc":{"start":{"line":4,"column":46},"end":{"line":23,"column":1}},"line":4}},"branchMap":{"0":{"loc":{"start":{"line":8,"column":2},"end":{"line":10,"column":3}},"type":"if","locations":[{"start":{"line":8,"column":2},"end":{"line":10,"column":3}},{"start":{},"end":{}}],"line":8}},"s":{"0":1,"1":1,"2":1,"3":0,"4":0,"5":0,"6":0,"7":0,"8":0,"9":0,"10":0,"11":0,"12":0,"13":1},"f":{"0":0},"b":{"0":[0,0]},"_coverageSchema":"1a1c01bbd47fc00a2c39e90264f33305004495a9","hash":"fd0c0a39f792684d6671336ba83dddc987c2035d"}
,"/Users/yasminbelhout/Desktop/Dev/EXAM1/models/eventModel.js": {"path":"/Users/yasminbelhout/Desktop/Dev/EXAM1/models/eventModel.js","statementMap":{"0":{"start":{"line":1,"column":17},"end":{"line":1,"column":36}},"1":{"start":{"line":3,"column":20},"end":{"line":11,"column":1}},"2":{"start":{"line":13,"column":0},"end":{"line":13,"column":54}}},"fnMap":{},"branchMap":{},"s":{"0":1,"1":1,"2":1},"f":{},"b":{},"_coverageSchema":"1a1c01bbd47fc00a2c39e90264f33305004495a9","hash":"3799cc59b90cb663c140588826f9417089e3e33a"}
,"/Users/yasminbelhout/Desktop/Dev/EXAM1/models/userModel.js": {"path":"/Users/yasminbelhout/Desktop/Dev/EXAM1/models/userModel.js","statementMap":{"0":{"start":{"line":1,"column":17},"end":{"line":1,"column":36}},"1":{"start":{"line":2,"column":15},"end":{"line":2,"column":32}},"2":{"start":{"line":3,"column":18},"end":{"line":3,"column":38}},"3":{"start":{"line":5,"column":15},"end":{"line":5,"column":30}},"4":{"start":{"line":7,"column":19},"end":{"line":36,"column":2}},"5":{"start":{"line":39,"column":0},"end":{"line":63,"column":2}},"6":{"start":{"line":41,"column":2},"end":{"line":43,"column":3}},"7":{"start":{"line":42,"column":4},"end":{"line":42,"column":45}},"8":{"start":{"line":44,"column":2},"end":{"line":46,"column":3}},"9":{"start":{"line":45,"column":4},"end":{"line":45,"column":35}},"10":{"start":{"line":47,"column":2},"end":{"line":49,"column":3}},"11":{"start":{"line":48,"column":4},"end":{"line":48,"column":46}},"12":{"start":{"line":51,"column":17},"end":{"line":51,"column":46}},"13":{"start":{"line":53,"column":2},"end":{"line":55,"column":3}},"14":{"start":{"line":54,"column":4},"end":{"line":54,"column":40}},"15":{"start":{"line":57,"column":15},"end":{"line":57,"column":39}},"16":{"start":{"line":58,"column":15},"end":{"line":58,"column":48}},"17":{"start":{"line":60,"column":15},"end":{"line":60,"column":59}},"18":{"start":{"line":62,"column":2},"end":{"line":62,"column":14}},"19":{"start":{"line":66,"column":0},"end":{"line":82,"column":2}},"20":{"start":{"line":67,"column":2},"end":{"line":69,"column":3}},"21":{"start":{"line":68,"column":4},"end":{"line":68,"column":45}},"22":{"start":{"line":71,"column":15},"end":{"line":71,"column":44}},"23":{"start":{"line":72,"column":2},"end":{"line":74,"column":3}},"24":{"start":{"line":73,"column":4},"end":{"line":73,"column":35}},"25":{"start":{"line":76,"column":16},"end":{"line":76,"column":61}},"26":{"start":{"line":77,"column":2},"end":{"line":79,"column":3}},"27":{"start":{"line":78,"column":4},"end":{"line":78,"column":38}},"28":{"start":{"line":81,"column":2},"end":{"line":81,"column":14}},"29":{"start":{"line":84,"column":0},"end":{"line":84,"column":52}}},"fnMap":{"0":{"name":"(anonymous_0)","decl":{"start":{"line":39,"column":28},"end":{"line":39,"column":29}},"loc":{"start":{"line":39,"column":61},"end":{"line":63,"column":1}},"line":39},"1":{"name":"(anonymous_1)","decl":{"start":{"line":66,"column":27},"end":{"line":66,"column":28}},"loc":{"start":{"line":66,"column":60},"end":{"line":82,"column":1}},"line":66}},"branchMap":{"0":{"loc":{"start":{"line":41,"column":2},"end":{"line":43,"column":3}},"type":"if","locations":[{"start":{"line":41,"column":2},"end":{"line":43,"column":3}},{"start":{},"end":{}}],"line":41},"1":{"loc":{"start":{"line":41,"column":6},"end":{"line":41,"column":77}},"type":"binary-expr","locations":[{"start":{"line":41,"column":6},"end":{"line":41,"column":12}},{"start":{"line":41,"column":16},"end":{"line":41,"column":25}},{"start":{"line":41,"column":29},"end":{"line":41,"column":39}},{"start":{"line":41,"column":43},"end":{"line":41,"column":52}},{"start":{"line":41,"column":56},"end":{"line":41,"column":68}},{"start":{"line":41,"column":72},"end":{"line":41,"column":77}}],"line":41},"2":{"loc":{"start":{"line":44,"column":2},"end":{"line":46,"column":3}},"type":"if","locations":[{"start":{"line":44,"column":2},"end":{"line":46,"column":3}},{"start":{},"end":{}}],"line":44},"3":{"loc":{"start":{"line":47,"column":2},"end":{"line":49,"column":3}},"type":"if","locations":[{"start":{"line":47,"column":2},"end":{"line":49,"column":3}},{"start":{},"end":{}}],"line":47},"4":{"loc":{"start":{"line":53,"column":2},"end":{"line":55,"column":3}},"type":"if","locations":[{"start":{"line":53,"column":2},"end":{"line":55,"column":3}},{"start":{},"end":{}}],"line":53},"5":{"loc":{"start":{"line":67,"column":2},"end":{"line":69,"column":3}},"type":"if","locations":[{"start":{"line":67,"column":2},"end":{"line":69,"column":3}},{"start":{},"end":{}}],"line":67},"6":{"loc":{"start":{"line":67,"column":6},"end":{"line":67,"column":25}},"type":"binary-expr","locations":[{"start":{"line":67,"column":6},"end":{"line":67,"column":12}},{"start":{"line":67,"column":16},"end":{"line":67,"column":25}}],"line":67},"7":{"loc":{"start":{"line":72,"column":2},"end":{"line":74,"column":3}},"type":"if","locations":[{"start":{"line":72,"column":2},"end":{"line":74,"column":3}},{"start":{},"end":{}}],"line":72},"8":{"loc":{"start":{"line":77,"column":2},"end":{"line":79,"column":3}},"type":"if","locations":[{"start":{"line":77,"column":2},"end":{"line":79,"column":3}},{"start":{},"end":{}}],"line":77}},"s":{"0":1,"1":1,"2":1,"3":1,"4":1,"5":1,"6":0,"7":0,"8":0,"9":0,"10":0,"11":0,"12":0,"13":0,"14":0,"15":0,"16":0,"17":0,"18":0,"19":1,"20":0,"21":0,"22":0,"23":0,"24":0,"25":0,"26":0,"27":0,"28":0,"29":1},"f":{"0":0,"1":0},"b":{"0":[0,0],"1":[0,0,0,0,0,0],"2":[0,0],"3":[0,0],"4":[0,0],"5":[0,0],"6":[0,0],"7":[0,0],"8":[0,0]},"_coverageSchema":"1a1c01bbd47fc00a2c39e90264f33305004495a9","hash":"a432ecc17e2744c775c8e8861b7126878fdc57c4"}
,"/Users/yasminbelhout/Desktop/Dev/EXAM1/routers/eventRouter.js": {"path":"/Users/yasminbelhout/Desktop/Dev/EXAM1/routers/eventRouter.js","statementMap":{"0":{"start":{"line":1,"column":16},"end":{"line":1,"column":34}},"1":{"start":{"line":2,"column":15},"end":{"line":2,"column":31}},"2":{"start":{"line":9,"column":4},"end":{"line":9,"column":45}},"3":{"start":{"line":10,"column":20},"end":{"line":10,"column":56}},"4":{"start":{"line":13,"column":0},"end":{"line":13,"column":24}},"5":{"start":{"line":16,"column":0},"end":{"line":16,"column":27}},"6":{"start":{"line":19,"column":0},"end":{"line":19,"column":27}},"7":{"start":{"line":22,"column":0},"end":{"line":22,"column":29}},"8":{"start":{"line":25,"column":0},"end":{"line":25,"column":35}},"9":{"start":{"line":28,"column":0},"end":{"line":28,"column":32}},"10":{"start":{"line":30,"column":0},"end":{"line":30,"column":24}}},"fnMap":{},"branchMap":{},"s":{"0":1,"1":1,"2":1,"3":1,"4":1,"5":1,"6":1,"7":1,"8":1,"9":1,"10":1},"f":{},"b":{},"_coverageSchema":"1a1c01bbd47fc00a2c39e90264f33305004495a9","hash":"9729d5a49927e0efd2097d3c151cdcae9dc34df3"}
,"/Users/yasminbelhout/Desktop/Dev/EXAM1/routers/userRouter.js": {"path":"/Users/yasminbelhout/Desktop/Dev/EXAM1/routers/userRouter.js","statementMap":{"0":{"start":{"line":1,"column":16},"end":{"line":1,"column":34}},"1":{"start":{"line":2,"column":15},"end":{"line":2,"column":31}},"2":{"start":{"line":3,"column":34},"end":{"line":3,"column":74}},"3":{"start":{"line":6,"column":0},"end":{"line":6,"column":33}},"4":{"start":{"line":9,"column":0},"end":{"line":9,"column":35}},"5":{"start":{"line":11,"column":0},"end":{"line":11,"column":24}}},"fnMap":{},"branchMap":{},"s":{"0":1,"1":1,"2":1,"3":1,"4":1,"5":1},"f":{},"b":{},"_coverageSchema":"1a1c01bbd47fc00a2c39e90264f33305004495a9","hash":"bb97bc8413359b64f64ca91ffa26c79897978a95"}
}
