TN:
SF:app.js
FN:21,(anonymous_0)
FNF:1
FNH:0
FNDA:0,(anonymous_0)
DA:1,1
DA:2,1
DA:3,1
DA:4,1
DA:5,1
DA:6,1
DA:7,1
DA:8,1
DA:11,1
DA:13,1
DA:16,1
DA:17,1
DA:19,1
DA:21,1
DA:23,1
DA:24,1
DA:26,1
DA:27,1
DA:29,1
LF:19
LH:19
BRF:0
BRH:0
end_of_record
TN:
SF:config/db.js
FN:3,(anonymous_0)
FNF:1
FNH:1
FNDA:1,(anonymous_0)
DA:1,1
DA:3,1
DA:4,1
DA:5,1
DA:6,0
DA:8,0
DA:9,0
DA:13,1
LF:8
LH:5
BRF:0
BRH:0
end_of_record
TN:
SF:controllers/eventController.js
FN:5,(anonymous_0)
FN:18,(anonymous_1)
FN:34,(anonymous_2)
FN:54,(anonymous_3)
FN:70,(anonymous_4)
FNF:5
FNH:0
FNDA:0,(anonymous_0)
FNDA:0,(anonymous_1)
FNDA:0,(anonymous_2)
FNDA:0,(anonymous_3)
FNDA:0,(anonymous_4)
DA:1,1
DA:2,1
DA:5,1
DA:6,0
DA:8,0
DA:9,0
DA:10,0
DA:12,0
DA:13,0
DA:18,1
DA:19,0
DA:21,0
DA:22,0
DA:23,0
DA:24,0
DA:25,0
DA:26,0
DA:28,0
DA:29,0
DA:34,1
DA:35,0
DA:36,0
DA:37,0
DA:40,0
DA:41,0
DA:42,0
DA:43,0
DA:44,0
DA:46,0
DA:48,0
DA:49,0
DA:54,1
DA:55,0
DA:56,0
DA:57,0
DA:58,0
DA:59,0
DA:60,0
DA:62,0
DA:64,0
DA:65,0
DA:70,1
DA:71,0
DA:72,0
DA:73,0
DA:74,0
DA:79,0
DA:80,0
DA:82,0
DA:84,0
DA:85,0
DA:89,1
LF:52
LH:8
BRDA:36,0,0,0
BRDA:36,0,1,0
BRDA:43,1,0,0
BRDA:43,1,1,0
BRDA:59,2,0,0
BRDA:59,2,1,0
BRDA:79,3,0,0
BRDA:79,3,1,0
BRF:8
BRH:0
end_of_record
TN:
SF:controllers/userController.js
FN:4,(anonymous_0)
FN:9,(anonymous_1)
FN:25,(anonymous_2)
FNF:3
FNH:0
FNDA:0,(anonymous_0)
FNDA:0,(anonymous_1)
FNDA:0,(anonymous_2)
DA:1,1
DA:2,1
DA:4,1
DA:5,0
DA:9,1
DA:10,0
DA:12,0
DA:13,0
DA:16,0
DA:18,0
DA:20,0
DA:25,1
DA:26,0
DA:28,0
DA:29,0
DA:32,0
DA:34,0
DA:36,0
DA:40,1
LF:19
LH:6
BRF:0
BRH:0
end_of_record
TN:
SF:middleware/customMiddleware.js
FN:1,(anonymous_0)
FN:9,(anonymous_1)
FN:13,(anonymous_2)
FNF:3
FNH:0
FNDA:0,(anonymous_0)
FNDA:0,(anonymous_1)
FNDA:0,(anonymous_2)
DA:1,1
DA:2,0
DA:3,0
DA:4,0
DA:5,0
DA:6,0
DA:9,1
DA:10,0
DA:13,1
DA:14,0
DA:16,0
DA:17,0
DA:22,1
LF:13
LH:4
BRF:0
BRH:0
end_of_record
TN:
SF:middleware/requireAuth.js
FN:4,(anonymous_0)
FNF:1
FNH:0
FNDA:0,(anonymous_0)
DA:1,1
DA:2,1
DA:4,1
DA:6,0
DA:8,0
DA:9,0
DA:12,0
DA:14,0
DA:15,0
DA:17,0
DA:18,0
DA:20,0
DA:21,0
DA:25,1
LF:14
LH:4
BRDA:8,0,0,0
BRDA:8,0,1,0
BRF:2
BRH:0
end_of_record
TN:
SF:models/eventModel.js
FNF:0
FNH:0
DA:1,1
DA:3,1
DA:13,1
LF:3
LH:3
BRF:0
BRH:0
end_of_record
TN:
SF:models/userModel.js
FN:39,(anonymous_0)
FN:66,(anonymous_1)
FNF:2
FNH:0
FNDA:0,(anonymous_0)
FNDA:0,(anonymous_1)
DA:1,1
DA:2,1
DA:3,1
DA:5,1
DA:7,1
DA:39,1
DA:41,0
DA:42,0
DA:44,0
DA:45,0
DA:47,0
DA:48,0
DA:51,0
DA:53,0
DA:54,0
DA:57,0
DA:58,0
DA:60,0
DA:62,0
DA:66,1
DA:67,0
DA:68,0
DA:71,0
DA:72,0
DA:73,0
DA:76,0
DA:77,0
DA:78,0
DA:81,0
DA:84,1
LF:30
LH:8
BRDA:41,0,0,0
BRDA:41,0,1,0
BRDA:41,1,0,0
BRDA:41,1,1,0
BRDA:41,1,2,0
BRDA:41,1,3,0
BRDA:41,1,4,0
BRDA:41,1,5,0
BRDA:44,2,0,0
BRDA:44,2,1,0
BRDA:47,3,0,0
BRDA:47,3,1,0
BRDA:53,4,0,0
BRDA:53,4,1,0
BRDA:67,5,0,0
BRDA:67,5,1,0
BRDA:67,6,0,0
BRDA:67,6,1,0
BRDA:72,7,0,0
BRDA:72,7,1,0
BRDA:77,8,0,0
BRDA:77,8,1,0
BRF:22
BRH:0
end_of_record
TN:
SF:routers/eventRouter.js
FNF:0
FNH:0
DA:1,1
DA:2,1
DA:9,1
DA:10,1
DA:13,1
DA:16,1
DA:19,1
DA:22,1
DA:25,1
DA:28,1
DA:30,1
LF:11
LH:11
BRF:0
BRH:0
end_of_record
TN:
SF:routers/userRouter.js
FNF:0
FNH:0
DA:1,1
DA:2,1
DA:3,1
DA:6,1
DA:9,1
DA:11,1
LF:6
LH:6
BRF:0
BRH:0
end_of_record
